<?xml version="1.0" encoding="UTF-8"?>
<coverage generated="1698389163919" clover="3.2.0">
  <project timestamp="1698389163919" name="All files">
    <metrics statements="222" coveredstatements="204" conditionals="95" coveredconditionals="80" methods="68" coveredmethods="54" elements="385" coveredelements="338" complexity="0" loc="222" ncloc="222" packages="3" files="16" classes="16"/>
    <package name="constants">
      <metrics statements="8" coveredstatements="8" conditionals="5" coveredconditionals="5" methods="1" coveredmethods="1"/>
      <file name="routes.js" path="C:\Users\coren\source\repos\billed\frontend\src\constants\routes.js">
        <metrics statements="8" coveredstatements="8" conditionals="5" coveredconditionals="5" methods="1" coveredmethods="1"/>
        <line num="6" count="6" type="stmt"/>
        <line num="13" count="6" type="stmt"/>
        <line num="14" count="53" type="cond" truecount="5" falsecount="0"/>
        <line num="16" count="14" type="stmt"/>
        <line num="18" count="17" type="stmt"/>
        <line num="20" count="9" type="stmt"/>
        <line num="22" count="12" type="stmt"/>
        <line num="24" count="1" type="stmt"/>
      </file>
      <file name="usersTest.js" path="C:\Users\coren\source\repos\billed\frontend\src\constants\usersTest.js">
        <metrics statements="0" coveredstatements="0" conditionals="0" coveredconditionals="0" methods="0" coveredmethods="0"/>
      </file>
    </package>
    <package name="containers">
      <metrics statements="186" coveredstatements="168" conditionals="60" coveredconditionals="45" methods="53" coveredmethods="39"/>
      <file name="Bills.js" path="C:\Users\coren\source\repos\billed\frontend\src\containers\Bills.js">
        <metrics statements="26" coveredstatements="24" conditionals="6" coveredconditionals="4" methods="8" coveredmethods="7"/>
        <line num="7" count="21" type="stmt"/>
        <line num="8" count="21" type="stmt"/>
        <line num="9" count="21" type="stmt"/>
        <line num="10" count="21" type="stmt"/>
        <line num="11" count="21" type="cond" truecount="2" falsecount="0"/>
        <line num="12" count="21" type="stmt"/>
        <line num="13" count="21" type="cond" truecount="1" falsecount="1"/>
        <line num="14" count="80" type="stmt"/>
        <line num="16" count="21" type="stmt"/>
        <line num="19" count="21" type="stmt"/>
        <line num="20" count="2" type="stmt"/>
        <line num="23" count="21" type="stmt"/>
        <line num="24" count="2" type="stmt"/>
        <line num="25" count="2" type="stmt"/>
        <line num="26" count="2" type="stmt"/>
        <line num="27" count="2" type="stmt"/>
        <line num="30" count="21" type="stmt"/>
        <line num="31" count="10" type="cond" truecount="1" falsecount="1"/>
        <line num="32" count="10" type="stmt"/>
        <line num="36" count="8" type="stmt"/>
        <line num="38" count="32" type="stmt"/>
        <line num="39" count="32" type="stmt"/>
        <line num="47" count="0" type="stmt"/>
        <line num="48" count="0" type="stmt"/>
        <line num="55" count="8" type="stmt"/>
        <line num="56" count="8" type="stmt"/>
      </file>
      <file name="Dashboard.js" path="C:\Users\coren\source\repos\billed\frontend\src\containers\Dashboard.js">
        <metrics statements="73" coveredstatements="70" conditionals="41" coveredconditionals="33" methods="24" coveredmethods="19"/>
        <line num="8" count="6" type="stmt"/>
        <line num="9" count="44" type="cond" truecount="4" falsecount="0"/>
        <line num="14" count="104" type="cond" truecount="1" falsecount="1"/>
        <line num="15" count="104" type="stmt"/>
        <line num="26" count="104" type="stmt"/>
        <line num="30" count="6" type="stmt"/>
        <line num="31" count="6" type="stmt"/>
        <line num="32" count="6" type="cond" truecount="1" falsecount="1"/>
        <line num="34" count="6" type="cond" truecount="1" falsecount="1"/>
        <line num="37" count="6" type="stmt"/>
        <line num="55" count="6" type="stmt"/>
        <line num="56" count="6" type="cond" truecount="4" falsecount="0"/>
        <line num="59" count="6" type="stmt"/>
        <line num="60" count="5" type="cond" truecount="3" falsecount="0"/>
        <line num="62" count="3" type="stmt"/>
        <line num="64" count="1" type="stmt"/>
        <line num="66" count="1" type="stmt"/>
        <line num="72" count="14" type="stmt"/>
        <line num="73" count="14" type="stmt"/>
        <line num="74" count="14" type="stmt"/>
        <line num="75" count="14" type="stmt"/>
        <line num="76" count="14" type="stmt"/>
        <line num="77" count="14" type="stmt"/>
        <line num="78" count="14" type="stmt"/>
        <line num="81" count="14" type="stmt"/>
        <line num="82" count="1" type="stmt"/>
        <line num="83" count="1" type="stmt"/>
        <line num="84" count="1" type="stmt"/>
        <line num="85" count="1" type="cond" truecount="1" falsecount="1"/>
        <line num="89" count="3" type="cond" truecount="4" falsecount="0"/>
        <line num="90" count="3" type="cond" truecount="4" falsecount="0"/>
        <line num="91" count="3" type="cond" truecount="2" falsecount="0"/>
        <line num="92" count="2" type="stmt"/>
        <line num="93" count="8" type="stmt"/>
        <line num="95" count="2" type="stmt"/>
        <line num="96" count="2" type="stmt"/>
        <line num="97" count="2" type="stmt"/>
        <line num="98" count="2" type="stmt"/>
        <line num="100" count="1" type="stmt"/>
        <line num="102" count="1" type="stmt"/>
        <line num="105" count="1" type="stmt"/>
        <line num="106" count="1" type="stmt"/>
        <line num="108" count="3" type="stmt"/>
        <line num="109" count="3" type="stmt"/>
        <line num="110" count="3" type="stmt"/>
        <line num="113" count="14" type="stmt"/>
        <line num="114" count="1" type="stmt"/>
        <line num="119" count="1" type="stmt"/>
        <line num="120" count="1" type="stmt"/>
        <line num="123" count="14" type="stmt"/>
        <line num="124" count="1" type="stmt"/>
        <line num="129" count="1" type="stmt"/>
        <line num="130" count="1" type="stmt"/>
        <line num="134" count="5" type="cond" truecount="3" falsecount="1"/>
        <line num="135" count="5" type="cond" truecount="3" falsecount="1"/>
        <line num="136" count="5" type="cond" truecount="1" falsecount="1"/>
        <line num="137" count="5" type="stmt"/>
        <line num="138" count="5" type="stmt"/>
        <line num="140" count="5" type="stmt"/>
        <line num="142" count="0" type="stmt"/>
        <line num="143" count="0" type="stmt"/>
        <line num="145" count="0" type="stmt"/>
        <line num="148" count="5" type="stmt"/>
        <line num="150" count="20" type="stmt"/>
        <line num="151" count="20" type="stmt"/>
        <line num="154" count="5" type="stmt"/>
        <line num="158" count="14" type="stmt"/>
        <line num="159" count="5" type="cond" truecount="1" falsecount="1"/>
        <line num="160" count="5" type="stmt"/>
        <line num="164" count="3" type="stmt"/>
        <line num="165" count="12" type="stmt"/>
        <line num="171" count="3" type="stmt"/>
        <line num="174" count="2" type="stmt"/>
      </file>
      <file name="Login.js" path="C:\Users\coren\source\repos\billed\frontend\src\containers\Login.js">
        <metrics statements="41" coveredstatements="30" conditionals="4" coveredconditionals="0" methods="11" coveredmethods="5"/>
        <line num="3" count="4" type="stmt"/>
        <line num="8" count="5" type="stmt"/>
        <line num="9" count="5" type="stmt"/>
        <line num="10" count="5" type="stmt"/>
        <line num="11" count="5" type="stmt"/>
        <line num="12" count="5" type="stmt"/>
        <line num="13" count="5" type="stmt"/>
        <line num="14" count="5" type="stmt"/>
        <line num="15" count="5" type="stmt"/>
        <line num="16" count="5" type="stmt"/>
        <line num="18" count="5" type="stmt"/>
        <line num="19" count="2" type="stmt"/>
        <line num="20" count="2" type="stmt"/>
        <line num="26" count="2" type="stmt"/>
        <line num="27" count="2" type="stmt"/>
        <line num="29" count="0" type="stmt"/>
        <line num="32" count="2" type="stmt"/>
        <line num="33" count="2" type="stmt"/>
        <line num="34" count="2" type="stmt"/>
        <line num="35" count="2" type="stmt"/>
        <line num="40" count="5" type="stmt"/>
        <line num="41" count="2" type="stmt"/>
        <line num="42" count="2" type="stmt"/>
        <line num="48" count="2" type="stmt"/>
        <line num="49" count="2" type="stmt"/>
        <line num="51" count="0" type="stmt"/>
        <line num="54" count="2" type="stmt"/>
        <line num="55" count="2" type="stmt"/>
        <line num="56" count="2" type="stmt"/>
        <line num="57" count="2" type="stmt"/>
        <line num="62" count="5" type="stmt"/>
        <line num="63" count="0" type="cond" truecount="0" falsecount="2"/>
        <line num="64" count="0" type="stmt"/>
        <line num="69" count="0" type="stmt"/>
        <line num="72" count="0" type="stmt"/>
        <line num="77" count="5" type="stmt"/>
        <line num="78" count="0" type="cond" truecount="0" falsecount="2"/>
        <line num="79" count="0" type="stmt"/>
        <line num="88" count="0" type="stmt"/>
        <line num="89" count="0" type="stmt"/>
        <line num="92" count="0" type="stmt"/>
      </file>
      <file name="Logout.js" path="C:\Users\coren\source\repos\billed\frontend\src\containers\Logout.js">
        <metrics statements="7" coveredstatements="7" conditionals="0" coveredconditionals="0" methods="2" coveredmethods="2"/>
        <line num="5" count="44" type="stmt"/>
        <line num="6" count="44" type="stmt"/>
        <line num="7" count="44" type="stmt"/>
        <line num="8" count="44" type="stmt"/>
        <line num="11" count="44" type="stmt"/>
        <line num="12" count="2" type="stmt"/>
        <line num="13" count="2" type="stmt"/>
      </file>
      <file name="NewBill.js" path="C:\Users\coren\source\repos\billed\frontend\src\containers\NewBill.js">
        <metrics statements="39" coveredstatements="37" conditionals="9" coveredconditionals="8" methods="8" coveredmethods="6"/>
        <line num="6" count="8" type="stmt"/>
        <line num="7" count="8" type="stmt"/>
        <line num="8" count="8" type="stmt"/>
        <line num="9" count="8" type="stmt"/>
        <line num="10" count="8" type="stmt"/>
        <line num="11" count="8" type="stmt"/>
        <line num="12" count="8" type="stmt"/>
        <line num="13" count="8" type="stmt"/>
        <line num="14" count="8" type="stmt"/>
        <line num="15" count="8" type="stmt"/>
        <line num="16" count="8" type="stmt"/>
        <line num="18" count="8" type="stmt"/>
        <line num="19" count="2" type="stmt"/>
        <line num="20" count="2" type="stmt"/>
        <line num="21" count="2" type="stmt"/>
        <line num="22" count="2" type="stmt"/>
        <line num="23" count="2" type="stmt"/>
        <line num="24" count="2" type="stmt"/>
        <line num="25" count="2" type="stmt"/>
        <line num="26" count="2" type="cond" truecount="5" falsecount="0"/>
        <line num="27" count="1" type="stmt"/>
        <line num="29" count="2" type="stmt"/>
        <line num="31" count="2" type="stmt"/>
        <line num="41" count="2" type="stmt"/>
        <line num="42" count="2" type="stmt"/>
        <line num="43" count="2" type="stmt"/>
        <line num="44" count="0" type="stmt"/>
        <line num="46" count="8" type="stmt"/>
        <line num="47" count="5" type="stmt"/>
        <line num="48" count="5" type="stmt"/>
        <line num="49" count="5" type="stmt"/>
        <line num="50" count="5" type="stmt"/>
        <line num="64" count="5" type="stmt"/>
        <line num="66" count="5" type="stmt"/>
        <line num="70" count="8" type="stmt"/>
        <line num="71" count="3" type="cond" truecount="1" falsecount="1"/>
        <line num="72" count="3" type="stmt"/>
        <line num="76" count="3" type="stmt"/>
        <line num="78" count="0" type="stmt"/>
      </file>
    </package>
    <package name="views">
      <metrics statements="28" coveredstatements="28" conditionals="30" coveredconditionals="30" methods="14" coveredmethods="14"/>
      <file name="Actions.js" path="C:\Users\coren\source\repos\billed\frontend\src\views\Actions.js">
        <metrics statements="1" coveredstatements="1" conditionals="0" coveredconditionals="0" methods="1" coveredmethods="1"/>
        <line num="5" count="50" type="stmt"/>
      </file>
      <file name="BillsUI.js" path="C:\Users\coren\source\repos\billed\frontend\src\views\BillsUI.js">
        <metrics statements="10" coveredstatements="10" conditionals="8" coveredconditionals="8" methods="5" coveredmethods="5"/>
        <line num="7" count="6" type="stmt"/>
        <line num="8" count="48" type="stmt"/>
        <line num="22" count="6" type="stmt"/>
        <line num="23" count="48" type="cond" truecount="4" falsecount="0"/>
        <line num="28" count="31" type="stmt"/>
        <line num="45" count="31" type="cond" truecount="2" falsecount="0"/>
        <line num="46" count="10" type="stmt"/>
        <line num="47" count="21" type="cond" truecount="2" falsecount="0"/>
        <line num="48" count="4" type="stmt"/>
        <line num="51" count="17" type="stmt"/>
      </file>
      <file name="DashboardFormUI.js" path="C:\Users\coren\source\repos\billed\frontend\src\views\DashboardFormUI.js">
        <metrics statements="2" coveredstatements="2" conditionals="4" coveredconditionals="4" methods="2" coveredmethods="2"/>
        <line num="7" count="9" type="stmt"/>
        <line num="26" count="9" type="stmt"/>
      </file>
      <file name="DashboardUI.js" path="C:\Users\coren\source\repos\billed\frontend\src\views\DashboardUI.js">
        <metrics statements="5" coveredstatements="5" conditionals="10" coveredconditionals="10" methods="1" coveredmethods="1"/>
        <line num="10" count="21" type="cond" truecount="2" falsecount="0"/>
        <line num="11" count="6" type="stmt"/>
        <line num="12" count="15" type="cond" truecount="2" falsecount="0"/>
        <line num="13" count="3" type="stmt"/>
        <line num="16" count="12" type="stmt"/>
      </file>
      <file name="ErrorPage.js" path="C:\Users\coren\source\repos\billed\frontend\src\views\ErrorPage.js">
        <metrics statements="1" coveredstatements="1" conditionals="2" coveredconditionals="2" methods="1" coveredmethods="1"/>
        <line num="4" count="9" type="stmt"/>
      </file>
      <file name="LoadingPage.js" path="C:\Users\coren\source\repos\billed\frontend\src\views\LoadingPage.js">
        <metrics statements="1" coveredstatements="1" conditionals="0" coveredconditionals="0" methods="1" coveredmethods="1"/>
        <line num="5" count="17" type="stmt"/>
      </file>
      <file name="LoginUI.js" path="C:\Users\coren\source\repos\billed\frontend\src\views\LoginUI.js">
        <metrics statements="1" coveredstatements="1" conditionals="0" coveredconditionals="0" methods="1" coveredmethods="1"/>
        <line num="4" count="21" type="stmt"/>
      </file>
      <file name="NewBillUI.js" path="C:\Users\coren\source\repos\billed\frontend\src\views\NewBillUI.js">
        <metrics statements="1" coveredstatements="1" conditionals="0" coveredconditionals="0" methods="1" coveredmethods="1"/>
        <line num="5" count="11" type="stmt"/>
      </file>
      <file name="VerticalLayout.js" path="C:\Users\coren\source\repos\billed\frontend\src\views\VerticalLayout.js">
        <metrics statements="6" coveredstatements="6" conditionals="6" coveredconditionals="6" methods="1" coveredmethods="1"/>
        <line num="7" count="67" type="stmt"/>
        <line num="8" count="67" type="cond" truecount="2" falsecount="0"/>
        <line num="9" count="55" type="stmt"/>
        <line num="11" count="67" type="cond" truecount="4" falsecount="0"/>
        <line num="12" count="39" type="stmt"/>
        <line num="29" count="28" type="stmt"/>
      </file>
    </package>
  </project>
</coverage>
